<?xml version="1.0" encoding="UTF-8"?>
<testng-results ignored="0" total="1" passed="1" failed="0" skipped="0">
  <reporter-output>
  </reporter-output>
  <suite started-at="2023-06-23T18:29:41 EDT" name="Default suite" finished-at="2023-06-23T18:29:44 EDT" duration-ms="3100">
    <groups>
    </groups>
    <test started-at="2023-06-23T18:29:41 EDT" name="Default test" finished-at="2023-06-23T18:29:44 EDT" duration-ms="3100">
      <class name="com.letskodeit.testclasses.AllCoursesTest">
        <test-method is-config="true" signature="setup()[pri:0, instance:com.letskodeit.testclasses.AllCoursesTest@1d2bd371]" started-at="2023-06-23T18:29:41 EDT" name="setup" finished-at="2023-06-23T18:29:44 EDT" duration-ms="2582" status="PASS">
          <reporter-output>
          </reporter-output>
        </test-method> <!-- setup -->
        <test-method signature="verifySearchCourse()[pri:0, instance:com.letskodeit.testclasses.AllCoursesTest@1d2bd371]" started-at="2023-06-23T18:29:44 EDT" name="verifySearchCourse" finished-at="2023-06-23T18:29:44 EDT" duration-ms="408" status="PASS">
          <reporter-output>
          </reporter-output>
        </test-method> <!-- verifySearchCourse -->
        <test-method is-config="true" signature="tearDown()[pri:0, instance:com.letskodeit.testclasses.AllCoursesTest@1d2bd371]" started-at="2023-06-23T18:29:44 EDT" name="tearDown" finished-at="2023-06-23T18:29:44 EDT" duration-ms="88" status="PASS">
          <reporter-output>
          </reporter-output>
        </test-method> <!-- tearDown -->
      </class> <!-- com.letskodeit.testclasses.AllCoursesTest -->
    </test> <!-- Default test -->
  </suite> <!-- Default suite -->
</testng-results>
